#
# A fatal error has been detected by the Java Runtime Environment:
#
#  EXCEPTION_ACCESS_VIOLATION (0xc0000005) at pc=0x5190e200, pid=1476, tid=0x00001518
#
# JRE version: OpenJDK Runtime Environment (8.0_152-b01) (build 1.8.0_152-release-915-b01)
# Java VM: OpenJDK Server VM (25.152-b01 mixed mode windows-x86 )
# Problematic frame:
# C  0x5190e200
#
# Failed to write core dump. Minidumps are not enabled by default on client versions of Windows
#
# If you would like to submit a bug report, please visit:
#   http://bugreport.java.com/bugreport/crash.jsp
# The crash happened outside the Java Virtual Machine in native code.
# See problematic frame for where to report the bug.
#

---------------  T H R E A D  ---------------

Current thread (0x52182000):  JavaThread "Daemon worker" [_thread_in_native, id=5400, stack(0x54030000,0x54080000)]

siginfo: ExceptionCode=0xc0000005, writing address 0x00000004

Registers:
EAX=0x00000004, EBX=0x52182130, ECX=0x00000000, EDX=0x5214c6ac
ESP=0x5407ce28, EBP=0x5407ce58, ESI=0x5407ce78, EDI=0x54d89170
EIP=0x5190e200, EFLAGS=0x00010216

Top of Stack: (sp=0x5407ce28)
0x5407ce28:   5407cf08 00000000 5b42cbb4 5b42cc7c
0x5407ce38:   55a09040 00000000 00000002 51872254
0x5407ce48:   585e3340 585e3340 5407ce84 5407ce90
0x5407ce58:   5407ceb8 6396753d 5190e2c0 51871e60
0x5407ce68:   51871e68 51872254 000003ec 01bebe39
0x5407ce78:   00000000 00000000 00000000 5407ceac
0x5407ce88:   5b060620 52182000 00000006 00000008
0x5407ce98:   52182000 585e3338 585e3340 585e3340 

Instructions: (pc=0x5190e200)
0x5190e1e0:   00 00 00 00 ff ff ff ff ec e1 90 51 72 69 6e 67
0x5190e1f0:   42 75 69 6c 64 65 72 00 74 b6 85 62 03 13 00 8c
0x5190e200:   00 00 00 00 ff ff ff ff 0c e2 90 51 72 61 79 4c
0x5190e210:   69 73 74 00 53 59 04 19 08 b6 85 62 11 02 00 8c 


Register to memory mapping:

EAX=0x00000004 is an unknown value
EBX=0x52182130 is an unknown value
ECX=0x00000000 is an unknown value
EDX=0x5214c6ac is an unknown value
ESP=0x5407ce28 is pointing into the stack for thread: 0x52182000
EBP=0x5407ce58 is pointing into the stack for thread: 0x52182000
ESI=0x5407ce78 is pointing into the stack for thread: 0x52182000
EDI=0x54d89170 is an unknown value


Stack: [0x54030000,0x54080000],  sp=0x5407ce28,  free space=307k
Native frames: (J=compiled Java code, j=interpreted, Vv=VM code, C=native code)
C  0x5190e200
C  [libaapt2_jni.dll+0x2753d]
j  com.android.tools.aapt2.Aapt2Jni.nativeCompile(Ljava/util/List;Lcom/android/tools/aapt2/Aapt2JniLogCallback;)I+0
j  com.android.tools.aapt2.Aapt2Jni.compile(Ljava/util/List;)Lcom/android/tools/aapt2/Aapt2Result;+6
j  com.android.builder.internal.aapt.v2.AaptV2Jni.lambda$compile$0(Lcom/android/ide/common/res2/CompileResourceRequest;)Ljava/io/File;+10
j  com.android.builder.internal.aapt.v2.AaptV2Jni$$Lambda$283.call()Ljava/lang/Object;+8
j  java.util.concurrent.ForkJoinTask$AdaptedCallable.exec()Z+5
j  java.util.concurrent.ForkJoinTask.doExec()I+10
j  java.util.concurrent.ForkJoinTask.externalInterruptibleAwaitDone()I+55
j  java.util.concurrent.ForkJoinTask.get()Ljava/lang/Object;+17
j  com.android.ide.common.res2.MergedResourceWriter.postWriteAction()V+635
j  com.android.ide.common.res2.MergeWriter.end()V+1
j  com.android.ide.common.res2.MergedResourceWriter.end()V+1
j  com.android.ide.common.res2.DataMerger.mergeData(Lcom/android/ide/common/res2/MergeConsumer;Z)V+575
j  com.android.ide.common.res2.ResourceMerger.mergeData(Lcom/android/ide/common/res2/MergeConsumer;Z)V+7
j  com.android.build.gradle.tasks.MergeResources.doFullTaskAction()V+201
j  com.android.build.gradle.internal.tasks.IncrementalTask.taskAction(Lorg/gradle/api/tasks/incremental/IncrementalTaskInputs;)V+33
v  ~StubRoutines::call_stub
V  [jvm.dll+0x152875]
V  [jvm.dll+0x21e2ce]
V  [jvm.dll+0x15290e]
V  [jvm.dll+0x15ece8]
V  [jvm.dll+0x15ef53]
V  [jvm.dll+0xf4c13]
C  [java.dll+0x3b63]
J 1561 C1 sun.reflect.NativeMethodAccessorImpl.invoke(Ljava/lang/Object;[Ljava/lang/Object;)Ljava/lang/Object; (104 bytes) @ 0x01fbcf46 [0x01fbc120+0xe26]
J 6947 C2 java.lang.reflect.Method.invoke(Ljava/lang/Object;[Ljava/lang/Object;)Ljava/lang/Object; (62 bytes) @ 0x02d03878 [0x02d03820+0x58]
J 2303 C1 org.gradle.internal.reflect.JavaMethod.invoke(Ljava/lang/Object;[Ljava/lang/Object;)Ljava/lang/Object; (74 bytes) @ 0x022735b9 [0x022734c0+0xf9]
j  org.gradle.api.internal.project.taskfactory.DefaultTaskClassInfoStore$IncrementalTaskAction.doExecute(Lorg/gradle/api/Task;Ljava/lang/String;)V+35
j  org.gradle.api.internal.project.taskfactory.DefaultTaskClassInfoStore$StandardTaskAction.execute(Lorg/gradle/api/Task;)V+32
j  org.gradle.api.internal.project.taskfactory.DefaultTaskClassInfoStore$StandardTaskAction.execute(Ljava/lang/Object;)V+5
j  org.gradle.api.internal.tasks.execution.ExecuteActionsTaskExecuter$1.run(Lorg/gradle/internal/operations/BuildOperationContext;)V+23
J 8078 C1 org.gradle.internal.progress.DefaultBuildOperationExecutor$RunnableBuildOperationWorker.execute(Lorg/gradle/internal/operations/BuildOperation;Lorg/gradle/internal/operations/BuildOperationContext;)V (10 bytes) @ 0x022d4e7a [0x022d4c80+0x1fa]
J 8070 C1 org.gradle.internal.progress.DefaultBuildOperationExecutor.execute(Lorg/gradle/internal/operations/BuildOperation;Lorg/gradle/internal/operations/BuildOperationWorker;Lorg/gradle/internal/progress/DefaultBuildOperationExecutor$DefaultBuildOperationState;)V (430 bytes) @ 0x022db80a [0x022d97e0+0x202a]
j  org.gradle.internal.progress.DefaultBuildOperationExecutor.run(Lorg/gradle/internal/operations/RunnableBuildOperation;)V+20
j  org.gradle.api.internal.tasks.execution.ExecuteActionsTaskExecuter.executeAction(Ljava/lang/String;Lorg/gradle/api/internal/TaskInternal;Lorg/gradle/api/internal/tasks/ContextAwareTaskAction;Lorg/gradle/api/internal/tasks/TaskExecutionContext;)V+23
j  org.gradle.api.internal.tasks.execution.ExecuteActionsTaskExecuter.executeActions(Lorg/gradle/api/internal/TaskInternal;Lorg/gradle/api/internal/tasks/TaskStateInternal;Lorg/gradle/api/internal/tasks/TaskExecutionContext;)Lorg/gradle/api/GradleException;+131
j  org.gradle.api.internal.tasks.execution.ExecuteActionsTaskExecuter.execute(Lorg/gradle/api/internal/TaskInternal;Lorg/gradle/api/internal/tasks/TaskStateInternal;Lorg/gradle/api/internal/tasks/TaskExecutionContext;)V+42
j  org.gradle.api.internal.tasks.execution.SkipUpToDateTaskExecuter.execute(Lorg/gradle/api/internal/TaskInternal;Lorg/gradle/api/internal/tasks/TaskStateInternal;Lorg/gradle/api/internal/tasks/TaskExecutionContext;)V+124
j  org.gradle.api.internal.tasks.execution.ResolveTaskOutputCachingStateExecuter.execute(Lorg/gradle/api/internal/TaskInternal;Lorg/gradle/api/internal/tasks/TaskStateInternal;Lorg/gradle/api/internal/tasks/TaskExecutionContext;)V+96
j  org.gradle.api.internal.tasks.execution.ValidatingTaskExecuter.execute(Lorg/gradle/api/internal/TaskInternal;Lorg/gradle/api/internal/tasks/TaskStateInternal;Lorg/gradle/api/internal/tasks/TaskExecutionContext;)V+215
j  org.gradle.api.internal.tasks.execution.SkipEmptySourceFilesTaskExecuter.execute(Lorg/gradle/api/internal/TaskInternal;Lorg/gradle/api/internal/tasks/TaskStateInternal;Lorg/gradle/api/internal/tasks/TaskExecutionContext;)V+335
j  org.gradle.api.internal.tasks.execution.ResolveTaskArtifactStateTaskExecuter.execute(Lorg/gradle/api/internal/TaskInternal;Lorg/gradle/api/internal/tasks/TaskStateInternal;Lorg/gradle/api/internal/tasks/TaskExecutionContext;)V+72
j  org.gradle.api.internal.tasks.execution.SkipTaskWithNoActionsExecuter.execute(Lorg/gradle/api/internal/TaskInternal;Lorg/gradle/api/internal/tasks/TaskStateInternal;Lorg/gradle/api/internal/tasks/TaskExecutionContext;)V+124
j  org.gradle.api.internal.tasks.execution.SkipOnlyIfTaskExecuter.execute(Lorg/gradle/api/internal/TaskInternal;Lorg/gradle/api/internal/tasks/TaskStateInternal;Lorg/gradle/api/internal/tasks/TaskExecutionContext;)V+85
j  org.gradle.api.internal.tasks.execution.ExecuteAtMostOnceTaskExecuter.execute(Lorg/gradle/api/internal/TaskInternal;Lorg/gradle/api/internal/tasks/TaskStateInternal;Lorg/gradle/api/internal/tasks/TaskExecutionContext;)V+26
j  org.gradle.api.internal.tasks.execution.CatchExceptionTaskExecuter.execute(Lorg/gradle/api/internal/TaskInternal;Lorg/gradle/api/internal/tasks/TaskStateInternal;Lorg/gradle/api/internal/tasks/TaskExecutionContext;)V+7
j  org.gradle.execution.taskgraph.DefaultTaskGraphExecuter$EventFiringTaskWorker$1.run(Lorg/gradle/internal/operations/BuildOperationContext;)V+56
J 8078 C1 org.gradle.internal.progress.DefaultBuildOperationExecutor$RunnableBuildOperationWorker.execute(Lorg/gradle/internal/operations/BuildOperation;Lorg/gradle/internal/operations/BuildOperationContext;)V (10 bytes) @ 0x022d4e7a [0x022d4c80+0x1fa]
J 8070 C1 org.gradle.internal.progress.DefaultBuildOperationExecutor.execute(Lorg/gradle/internal/operations/BuildOperation;Lorg/gradle/internal/operations/BuildOperationWorker;Lorg/gradle/internal/progress/DefaultBuildOperationExecutor$DefaultBuildOperationState;)V (430 bytes) @ 0x022db80a [0x022d97e0+0x202a]
j  org.gradle.internal.progress.DefaultBuildOperationExecutor.run(Lorg/gradle/internal/operations/RunnableBuildOperation;)V+20
j  org.gradle.execution.taskgraph.DefaultTaskGraphExecuter$EventFiringTaskWorker.execute(Lorg/gradle/api/internal/TaskInternal;)V+16
j  org.gradle.execution.taskgraph.DefaultTaskGraphExecuter$EventFiringTaskWorker.execute(Ljava/lang/Object;)V+5
j  org.gradle.execution.taskgraph.DefaultTaskPlanExecutor$TaskExecutorWorker.processTask(Lorg/gradle/execution/taskgraph/TaskInfo;)V+8
j  org.gradle.execution.taskgraph.DefaultTaskPlanExecutor$TaskExecutorWorker.access$200(Lorg/gradle/execution/taskgraph/DefaultTaskPlanExecutor$TaskExecutorWorker;Lorg/gradle/execution/taskgraph/TaskInfo;)V+2
j  org.gradle.execution.taskgraph.DefaultTaskPlanExecutor$TaskExecutorWorker$1.execute(Lorg/gradle/execution/taskgraph/TaskInfo;)V+38
j  org.gradle.execution.taskgraph.DefaultTaskPlanExecutor$TaskExecutorWorker$1.execute(Ljava/lang/Object;)V+5
j  org.gradle.execution.taskgraph.DefaultTaskExecutionPlan.execute(Lorg/gradle/execution/taskgraph/TaskInfo;Lorg/gradle/internal/work/WorkerLeaseRegistry$WorkerLease;Lorg/gradle/api/Action;)V+14
j  org.gradle.execution.taskgraph.DefaultTaskExecutionPlan.executeWithTask(Lorg/gradle/internal/work/WorkerLeaseRegistry$WorkerLease;Lorg/gradle/api/Action;)Z+53
j  org.gradle.execution.taskgraph.DefaultTaskPlanExecutor$TaskExecutorWorker.run()V+52
j  org.gradle.execution.taskgraph.DefaultTaskPlanExecutor.process(Lorg/gradle/execution/taskgraph/TaskExecutionPlan;Lorg/gradle/api/Action;)V+67
j  org.gradle.execution.taskgraph.DefaultTaskGraphExecuter.execute()V+61
j  org.gradle.execution.SelectedTaskExecutionAction.execute(Lorg/gradle/execution/BuildExecutionContext;)V+55
j  org.gradle.execution.DefaultBuildExecuter.execute(Lorg/gradle/api/internal/GradleInternal;I)V+37
j  org.gradle.execution.DefaultBuildExecuter.access$000(Lorg/gradle/execution/DefaultBuildExecuter;Lorg/gradle/api/internal/GradleInternal;I)V+3
j  org.gradle.execution.DefaultBuildExecuter$1.proceed()V+14
j  org.gradle.execution.DryRunBuildExecutionAction.execute(Lorg/gradle/execution/BuildExecutionContext;)V+121
j  org.gradle.execution.DefaultBuildExecuter.execute(Lorg/gradle/api/internal/GradleInternal;I)V+37
j  org.gradle.execution.DefaultBuildExecuter.execute(Lorg/gradle/api/internal/GradleInternal;)V+3
j  org.gradle.initialization.DefaultGradleLauncher$ExecuteTasks.run(Lorg/gradle/internal/operations/BuildOperationContext;)V+55
J 8078 C1 org.gradle.internal.progress.DefaultBuildOperationExecutor$RunnableBuildOperationWorker.execute(Lorg/gradle/internal/operations/BuildOperation;Lorg/gradle/internal/operations/BuildOperationContext;)V (10 bytes) @ 0x022d4e7a [0x022d4c80+0x1fa]
J 8070 C1 org.gradle.internal.progress.DefaultBuildOperationExecutor.execute(Lorg/gradle/internal/operations/BuildOperation;Lorg/gradle/internal/operations/BuildOperationWorker;Lorg/gradle/internal/progress/DefaultBuildOperationExecutor$DefaultBuildOperationState;)V (430 bytes) @ 0x022db80a [0x022d97e0+0x202a]
j  org.gradle.internal.progress.DefaultBuildOperationExecutor.run(Lorg/gradle/internal/operations/RunnableBuildOperation;)V+20
j  org.gradle.initialization.DefaultGradleLauncher.runTasks()V+53
j  org.gradle.initialization.DefaultGradleLauncher.doBuildStages(Lorg/gradle/initialization/DefaultGradleLauncher$Stage;)V+37
j  org.gradle.initialization.DefaultGradleLauncher.executeTasks()Lorg/gradle/api/internal/GradleInternal;+4
j  org.gradle.internal.invocation.GradleBuildController$1.call()Lorg/gradle/api/internal/GradleInternal;+7
j  org.gradle.internal.invocation.GradleBuildController$1.call()Ljava/lang/Object;+1
j  org.gradle.internal.work.DefaultWorkerLeaseService.withLocks(Ljava/lang/Iterable;Ljava/util/concurrent/Callable;)Ljava/lang/Object;+15
j  org.gradle.internal.invocation.GradleBuildController.doBuild(Ljava/util/concurrent/Callable;)Lorg/gradle/api/internal/GradleInternal;+52
j  org.gradle.internal.invocation.GradleBuildController.run()Lorg/gradle/api/internal/GradleInternal;+9
j  org.gradle.tooling.internal.provider.runner.BuildModelActionRunner.run(Lorg/gradle/internal/invocation/BuildAction;Lorg/gradle/internal/invocation/BuildController;)V+66
j  org.gradle.launcher.exec.ChainingBuildActionRunner.run(Lorg/gradle/internal/invocation/BuildAction;Lorg/gradle/internal/invocation/BuildController;)V+34
j  org.gradle.launcher.exec.ChainingBuildActionRunner.run(Lorg/gradle/internal/invocation/BuildAction;Lorg/gradle/internal/invocation/BuildController;)V+34
j  org.gradle.tooling.internal.provider.ValidatingBuildActionRunner.run(Lorg/gradle/internal/invocation/BuildAction;Lorg/gradle/internal/invocation/BuildController;)V+6
j  org.gradle.launcher.exec.RunAsBuildOperationBuildActionRunner$1.run(Lorg/gradle/internal/operations/BuildOperationContext;)V+15
J 8078 C1 org.gradle.internal.progress.DefaultBuildOperationExecutor$RunnableBuildOperationWorker.execute(Lorg/gradle/internal/operations/BuildOperation;Lorg/gradle/internal/operations/BuildOperationContext;)V (10 bytes) @ 0x022d4e7a [0x022d4c80+0x1fa]
J 8070 C1 org.gradle.internal.progress.DefaultBuildOperationExecutor.execute(Lorg/gradle/internal/operations/BuildOperation;Lorg/gradle/internal/operations/BuildOperationWorker;Lorg/gradle/internal/progress/DefaultBuildOperationExecutor$DefaultBuildOperationState;)V (430 bytes) @ 0x022db80a [0x022d97e0+0x202a]
j  org.gradle.internal.progress.DefaultBuildOperationExecutor.run(Lorg/gradle/internal/operations/RunnableBuildOperation;)V+20
j  org.gradle.launcher.exec.RunAsBuildOperationBuildActionRunner.run(Lorg/gradle/internal/invocation/BuildAction;Lorg/gradle/internal/invocation/BuildController;)V+34
j  org.gradle.tooling.internal.provider.SubscribableBuildActionRunner.run(Lorg/gradle/internal/invocation/BuildAction;Lorg/gradle/internal/invocation/BuildController;)V+40
j  org.gradle.launcher.exec.InProcessBuildActionExecuter.execute(Lorg/gradle/internal/invocation/BuildAction;Lorg/gradle/initialization/BuildRequestContext;Lorg/gradle/launcher/exec/BuildActionParameters;Lorg/gradle/internal/service/ServiceRegistry;)Ljava/lang/Object;+71
j  org.gradle.launcher.exec.InProcessBuildActionExecuter.execute(Lorg/gradle/internal/invocation/BuildAction;Lorg/gradle/initialization/BuildRequestContext;Ljava/lang/Object;Lorg/gradle/internal/service/ServiceRegistry;)Ljava/lang/Object;+9
j  org.gradle.launcher.exec.BuildTreeScopeBuildActionExecuter.execute(Lorg/gradle/internal/invocation/BuildAction;Lorg/gradle/initialization/BuildRequestContext;Lorg/gradle/launcher/exec/BuildActionParameters;Lorg/gradle/internal/service/ServiceRegistry;)Ljava/lang/Object;+41
j  org.gradle.launcher.exec.BuildTreeScopeBuildActionExecuter.execute(Lorg/gradle/internal/invocation/BuildAction;Lorg/gradle/initialization/BuildRequestContext;Ljava/lang/Object;Lorg/gradle/internal/service/ServiceRegistry;)Ljava/lang/Object;+9
j  org.gradle.tooling.internal.provider.ContinuousBuildActionExecuter.execute(Lorg/gradle/internal/invocation/BuildAction;Lorg/gradle/initialization/BuildRequestContext;Lorg/gradle/launcher/exec/BuildActionParameters;Lorg/gradle/internal/service/ServiceRegistry;)Ljava/lang/Object;+28
j  org.gradle.tooling.internal.provider.ContinuousBuildActionExecuter.execute(Lorg/gradle/internal/invocation/BuildAction;Lorg/gradle/initialization/BuildRequestContext;Ljava/lang/Object;Lorg/gradle/internal/service/ServiceRegistry;)Ljava/lang/Object;+9
j  org.gradle.tooling.internal.provider.ServicesSetupBuildActionExecuter.execute(Lorg/gradle/internal/invocation/BuildAction;Lorg/gradle/initialization/BuildRequestContext;Lorg/gradle/launcher/exec/BuildActionParameters;Lorg/gradle/internal/service/ServiceRegistry;)Ljava/lang/Object;+85
j  org.gradle.tooling.internal.provider.ServicesSetupBuildActionExecuter.execute(Lorg/gradle/internal/invocation/BuildAction;Lorg/gradle/initialization/BuildRequestContext;Ljava/lang/Object;Lorg/gradle/internal/service/ServiceRegistry;)Ljava/lang/Object;+9
j  org.gradle.tooling.internal.provider.GradleThreadBuildActionExecuter.execute(Lorg/gradle/internal/invocation/BuildAction;Lorg/gradle/initialization/BuildRequestContext;Lorg/gradle/launcher/exec/BuildActionParameters;Lorg/gradle/internal/service/ServiceRegistry;)Ljava/lang/Object;+12
...<more frames>...

Java frames: (J=compiled Java code, j=interpreted, Vv=VM code)
j  com.android.tools.aapt2.Aapt2Jni.nativeCompile(Ljava/util/List;Lcom/android/tools/aapt2/Aapt2JniLogCallback;)I+0
j  com.android.tools.aapt2.Aapt2Jni.compile(Ljava/util/List;)Lcom/android/tools/aapt2/Aapt2Result;+6
j  com.android.builder.internal.aapt.v2.AaptV2Jni.lambda$compile$0(Lcom/android/ide/common/res2/CompileResourceRequest;)Ljava/io/File;+10
j  com.android.builder.internal.aapt.v2.AaptV2Jni$$Lambda$283.call()Ljava/lang/Object;+8
j  java.util.concurrent.ForkJoinTask$AdaptedCallable.exec()Z+5
j  java.util.concurrent.ForkJoinTask.doExec()I+10
j  java.util.concurrent.ForkJoinTask.externalInterruptibleAwaitDone()I+55
j  java.util.concurrent.ForkJoinTask.get()Ljava/lang/Object;+17
j  com.android.ide.common.res2.MergedResourceWriter.postWriteAction()V+635
j  com.android.ide.common.res2.MergeWriter.end()V+1
j  com.android.ide.common.res2.MergedResourceWriter.end()V+1
j  com.android.ide.common.res2.DataMerger.mergeData(Lcom/android/ide/common/res2/MergeConsumer;Z)V+575
j  com.android.ide.common.res2.ResourceMerger.mergeData(Lcom/android/ide/common/res2/MergeConsumer;Z)V+7
j  com.android.build.gradle.tasks.MergeResources.doFullTaskAction()V+201
j  com.android.build.gradle.internal.tasks.IncrementalTask.taskAction(Lorg/gradle/api/tasks/incremental/IncrementalTaskInputs;)V+33
v  ~StubRoutines::call_stub
J 1562  sun.reflect.NativeMethodAccessorImpl.invoke0(Ljava/lang/reflect/Method;Ljava/lang/Object;[Ljava/lang/Object;)Ljava/lang/Object; (0 bytes) @ 0x01fbdb5d [0x01fbdae0+0x7d]
J 1561 C1 sun.reflect.NativeMethodAccessorImpl.invoke(Ljava/lang/Object;[Ljava/lang/Object;)Ljava/lang/Object; (104 bytes) @ 0x01fbcf46 [0x01fbc120+0xe26]
J 6947 C2 java.lang.reflect.Method.invoke(Ljava/lang/Object;[Ljava/lang/Object;)Ljava/lang/Object; (62 bytes) @ 0x02d03878 [0x02d03820+0x58]
J 2303 C1 org.gradle.internal.reflect.JavaMethod.invoke(Ljava/lang/Object;[Ljava/lang/Object;)Ljava/lang/Object; (74 bytes) @ 0x022735b9 [0x022734c0+0xf9]
j  org.gradle.api.internal.project.taskfactory.DefaultTaskClassInfoStore$IncrementalTaskAction.doExecute(Lorg/gradle/api/Task;Ljava/lang/String;)V+35
j  org.gradle.api.internal.project.taskfactory.DefaultTaskClassInfoStore$StandardTaskAction.execute(Lorg/gradle/api/Task;)V+32
j  org.gradle.api.internal.project.taskfactory.DefaultTaskClassInfoStore$StandardTaskAction.execute(Ljava/lang/Object;)V+5
j  org.gradle.api.internal.tasks.execution.ExecuteActionsTaskExecuter$1.run(Lorg/gradle/internal/operations/BuildOperationContext;)V+23
J 8078 C1 org.gradle.internal.progress.DefaultBuildOperationExecutor$RunnableBuildOperationWorker.execute(Lorg/gradle/internal/operations/BuildOperation;Lorg/gradle/internal/operations/BuildOperationContext;)V (10 bytes) @ 0x022d4e7a [0x022d4c80+0x1fa]
J 8070 C1 org.gradle.internal.progress.DefaultBuildOperationExecutor.execute(Lorg/gradle/internal/operations/BuildOperation;Lorg/gradle/internal/operations/BuildOperationWorker;Lorg/gradle/internal/progress/DefaultBuildOperationExecutor$DefaultBuildOperationState;)V (430 bytes) @ 0x022db80a [0x022d97e0+0x202a]
j  org.gradle.internal.progress.DefaultBuildOperationExecutor.run(Lorg/gradle/internal/operations/RunnableBuildOperation;)V+20
j  org.gradle.api.internal.tasks.execution.ExecuteActionsTaskExecuter.executeAction(Ljava/lang/String;Lorg/gradle/api/internal/TaskInternal;Lorg/gradle/api/internal/tasks/ContextAwareTaskAction;Lorg/gradle/api/internal/tasks/TaskExecutionContext;)V+23
j  org.gradle.api.internal.tasks.execution.ExecuteActionsTaskExecuter.executeActions(Lorg/gradle/api/internal/TaskInternal;Lorg/gradle/api/internal/tasks/TaskStateInternal;Lorg/gradle/api/internal/tasks/TaskExecutionContext;)Lorg/gradle/api/GradleException;+131
j  org.gradle.api.internal.tasks.execution.ExecuteActionsTaskExecuter.execute(Lorg/gradle/api/internal/TaskInternal;Lorg/gradle/api/internal/tasks/TaskStateInternal;Lorg/gradle/api/internal/tasks/TaskExecutionContext;)V+42
j  org.gradle.api.internal.tasks.execution.SkipUpToDateTaskExecuter.execute(Lorg/gradle/api/internal/TaskInternal;Lorg/gradle/api/internal/tasks/TaskStateInternal;Lorg/gradle/api/internal/tasks/TaskExecutionContext;)V+124
j  org.gradle.api.internal.tasks.execution.ResolveTaskOutputCachingStateExecuter.execute(Lorg/gradle/api/internal/TaskInternal;Lorg/gradle/api/internal/tasks/TaskStateInternal;Lorg/gradle/api/internal/tasks/TaskExecutionContext;)V+96
j  org.gradle.api.internal.tasks.execution.ValidatingTaskExecuter.execute(Lorg/gradle/api/internal/TaskInternal;Lorg/gradle/api/internal/tasks/TaskStateInternal;Lorg/gradle/api/internal/tasks/TaskExecutionContext;)V+215
j  org.gradle.api.internal.tasks.execution.SkipEmptySourceFilesTaskExecuter.execute(Lorg/gradle/api/internal/TaskInternal;Lorg/gradle/api/internal/tasks/TaskStateInternal;Lorg/gradle/api/internal/tasks/TaskExecutionContext;)V+335
j  org.gradle.api.internal.tasks.execution.ResolveTaskArtifactStateTaskExecuter.execute(Lorg/gradle/api/internal/TaskInternal;Lorg/gradle/api/internal/tasks/TaskStateInternal;Lorg/gradle/api/internal/tasks/TaskExecutionContext;)V+72
j  org.gradle.api.internal.tasks.execution.SkipTaskWithNoActionsExecuter.execute(Lorg/gradle/api/internal/TaskInternal;Lorg/gradle/api/internal/tasks/TaskStateInternal;Lorg/gradle/api/internal/tasks/TaskExecutionContext;)V+124
j  org.gradle.api.internal.tasks.execution.SkipOnlyIfTaskExecuter.execute(Lorg/gradle/api/internal/TaskInternal;Lorg/gradle/api/internal/tasks/TaskStateInternal;Lorg/gradle/api/internal/tasks/TaskExecutionContext;)V+85
j  org.gradle.api.internal.tasks.execution.ExecuteAtMostOnceTaskExecuter.execute(Lorg/gradle/api/internal/TaskInternal;Lorg/gradle/api/internal/tasks/TaskStateInternal;Lorg/gradle/api/internal/tasks/TaskExecutionContext;)V+26
j  org.gradle.api.internal.tasks.execution.CatchExceptionTaskExecuter.execute(Lorg/gradle/api/internal/TaskInternal;Lorg/gradle/api/internal/tasks/TaskStateInternal;Lorg/gradle/api/internal/tasks/TaskExecutionContext;)V+7
j  org.gradle.execution.taskgraph.DefaultTaskGraphExecuter$EventFiringTaskWorker$1.run(Lorg/gradle/internal/operations/BuildOperationContext;)V+56
J 8078 C1 org.gradle.internal.progress.DefaultBuildOperationExecutor$RunnableBuildOperationWorker.execute(Lorg/gradle/internal/operations/BuildOperation;Lorg/gradle/internal/operations/BuildOperationContext;)V (10 bytes) @ 0x022d4e7a [0x022d4c80+0x1fa]
J 8070 C1 org.gradle.internal.progress.DefaultBuildOperationExecutor.execute(Lorg/gradle/internal/operations/BuildOperation;Lorg/gradle/internal/operations/BuildOperationWorker;Lorg/gradle/internal/progress/DefaultBuildOperationExecutor$DefaultBuildOperationState;)V (430 bytes) @ 0x022db80a [0x022d97e0+0x202a]
j  org.gradle.internal.progress.DefaultBuildOperationExecutor.run(Lorg/gradle/internal/operations/RunnableBuildOperation;)V+20
j  org.gradle.execution.taskgraph.DefaultTaskGraphExecuter$EventFiringTaskWorker.execute(Lorg/gradle/api/internal/TaskInternal;)V+16
j  org.gradle.execution.taskgraph.DefaultTaskGraphExecuter$EventFiringTaskWorker.execute(Ljava/lang/Object;)V+5
j  org.gradle.execution.taskgraph.DefaultTaskPlanExecutor$TaskExecutorWorker.processTask(Lorg/gradle/execution/taskgraph/TaskInfo;)V+8
j  org.gradle.execution.taskgraph.DefaultTaskPlanExecutor$TaskExecutorWorker.access$200(Lorg/gradle/execution/taskgraph/DefaultTaskPlanExecutor$TaskExecutorWorker;Lorg/gradle/execution/taskgraph/TaskInfo;)V+2
j  org.gradle.execution.taskgraph.DefaultTaskPlanExecutor$TaskExecutorWorker$1.execute(Lorg/gradle/execution/taskgraph/TaskInfo;)V+38
j  org.gradle.execution.taskgraph.DefaultTaskPlanExecutor$TaskExecutorWorker$1.execute(Ljava/lang/Object;)V+5
j  org.gradle.execution.taskgraph.DefaultTaskExecutionPlan.execute(Lorg/gradle/execution/taskgraph/TaskInfo;Lorg/gradle/internal/work/WorkerLeaseRegistry$WorkerLease;Lorg/gradle/api/Action;)V+14
j  org.gradle.execution.taskgraph.DefaultTaskExecutionPlan.executeWithTask(Lorg/gradle/internal/work/WorkerLeaseRegistry$WorkerLease;Lorg/gradle/api/Action;)Z+53
j  org.gradle.execution.taskgraph.DefaultTaskPlanExecutor$TaskExecutorWorker.run()V+52
j  org.gradle.execution.taskgraph.DefaultTaskPlanExecutor.process(Lorg/gradle/execution/taskgraph/TaskExecutionPlan;Lorg/gradle/api/Action;)V+67
j  org.gradle.execution.taskgraph.DefaultTaskGraphExecuter.execute()V+61
j  org.gradle.execution.SelectedTaskExecutionAction.execute(Lorg/gradle/execution/BuildExecutionContext;)V+55
j  org.gradle.execution.DefaultBuildExecuter.execute(Lorg/gradle/api/internal/GradleInternal;I)V+37
j  org.gradle.execution.DefaultBuildExecuter.access$000(Lorg/gradle/execution/DefaultBuildExecuter;Lorg/gradle/api/internal/GradleInternal;I)V+3
j  org.gradle.execution.DefaultBuildExecuter$1.proceed()V+14
j  org.gradle.execution.DryRunBuildExecutionAction.execute(Lorg/gradle/execution/BuildExecutionContext;)V+121
j  org.gradle.execution.DefaultBuildExecuter.execute(Lorg/gradle/api/internal/GradleInternal;I)V+37
j  org.gradle.execution.DefaultBuildExecuter.execute(Lorg/gradle/api/internal/GradleInternal;)V+3
j  org.gradle.initialization.DefaultGradleLauncher$ExecuteTasks.run(Lorg/gradle/internal/operations/BuildOperationContext;)V+55
J 8078 C1 org.gradle.internal.progress.DefaultBuildOperationExecutor$RunnableBuildOperationWorker.execute(Lorg/gradle/internal/operations/BuildOperation;Lorg/gradle/internal/operations/BuildOperationContext;)V (10 bytes) @ 0x022d4e7a [0x022d4c80+0x1fa]
J 8070 C1 org.gradle.internal.progress.DefaultBuildOperationExecutor.execute(Lorg/gradle/internal/operations/BuildOperation;Lorg/gradle/internal/operations/BuildOperationWorker;Lorg/gradle/internal/progress/DefaultBuildOperationExecutor$DefaultBuildOperationState;)V (430 bytes) @ 0x022db80a [0x022d97e0+0x202a]
j  org.gradle.internal.progress.DefaultBuildOperationExecutor.run(Lorg/gradle/internal/operations/RunnableBuildOperation;)V+20
j  org.gradle.initialization.DefaultGradleLauncher.runTasks()V+53
j  org.gradle.initialization.DefaultGradleLauncher.doBuildStages(Lorg/gradle/initialization/DefaultGradleLauncher$Stage;)V+37
j  org.gradle.initialization.DefaultGradleLauncher.executeTasks()Lorg/gradle/api/internal/GradleInternal;+4
j  org.gradle.internal.invocation.GradleBuildController$1.call()Lorg/gradle/api/internal/GradleInternal;+7
j  org.gradle.internal.invocation.GradleBuildController$1.call()Ljava/lang/Object;+1
j  org.gradle.internal.work.DefaultWorkerLeaseService.withLocks(Ljava/lang/Iterable;Ljava/util/concurrent/Callable;)Ljava/lang/Object;+15
j  org.gradle.internal.invocation.GradleBuildController.doBuild(Ljava/util/concurrent/Callable;)Lorg/gradle/api/internal/GradleInternal;+52
j  org.gradle.internal.invocation.GradleBuildController.run()Lorg/gradle/api/internal/GradleInternal;+9
j  org.gradle.tooling.internal.provider.runner.BuildModelActionRunner.run(Lorg/gradle/internal/invocation/BuildAction;Lorg/gradle/internal/invocation/BuildController;)V+66
j  org.gradle.launcher.exec.ChainingBuildActionRunner.run(Lorg/gradle/internal/invocation/BuildAction;Lorg/gradle/internal/invocation/BuildController;)V+34
j  org.gradle.launcher.exec.ChainingBuildActionRunner.run(Lorg/gradle/internal/invocation/BuildAction;Lorg/gradle/internal/invocation/BuildController;)V+34
j  org.gradle.tooling.internal.provider.ValidatingBuildActionRunner.run(Lorg/gradle/internal/invocation/BuildAction;Lorg/gradle/internal/invocation/BuildController;)V+6
j  org.gradle.launcher.exec.RunAsBuildOperationBuildActionRunner$1.run(Lorg/gradle/internal/operations/BuildOperationContext;)V+15
J 8078 C1 org.gradle.internal.progress.DefaultBuildOperationExecutor$RunnableBuildOperationWorker.execute(Lorg/gradle/internal/operations/BuildOperation;Lorg/gradle/internal/operations/BuildOperationContext;)V (10 bytes) @ 0x022d4e7a [0x022d4c80+0x1fa]
J 8070 C1 org.gradle.internal.progress.DefaultBuildOperationExecutor.execute(Lorg/gradle/internal/operations/BuildOperation;Lorg/gradle/internal/operations/BuildOperationWorker;Lorg/gradle/internal/progress/DefaultBuildOperationExecutor$DefaultBuildOperationState;)V (430 bytes) @ 0x022db80a [0x022d97e0+0x202a]
j  org.gradle.internal.progress.DefaultBuildOperationExecutor.run(Lorg/gradle/internal/operations/RunnableBuildOperation;)V+20
j  org.gradle.launcher.exec.RunAsBuildOperationBuildActionRunner.run(Lorg/gradle/internal/invocation/BuildAction;Lorg/gradle/internal/invocation/BuildController;)V+34
j  org.gradle.tooling.internal.provider.SubscribableBuildActionRunner.run(Lorg/gradle/internal/invocation/BuildAction;Lorg/gradle/internal/invocation/BuildController;)V+40
j  org.gradle.launcher.exec.InProcessBuildActionExecuter.execute(Lorg/gradle/internal/invocation/BuildAction;Lorg/gradle/initialization/BuildRequestContext;Lorg/gradle/launcher/exec/BuildActionParameters;Lorg/gradle/internal/service/ServiceRegistry;)Ljava/lang/Object;+71
j  org.gradle.launcher.exec.InProcessBuildActionExecuter.execute(Lorg/gradle/internal/invocation/BuildAction;Lorg/gradle/initialization/BuildRequestContext;Ljava/lang/Object;Lorg/gradle/internal/service/ServiceRegistry;)Ljava/lang/Object;+9
j  org.gradle.launcher.exec.BuildTreeScopeBuildActionExecuter.execute(Lorg/gradle/internal/invocation/BuildAction;Lorg/gradle/initialization/BuildRequestContext;Lorg/gradle/launcher/exec/BuildActionParameters;Lorg/gradle/internal/service/ServiceRegistry;)Ljava/lang/Object;+41
j  org.gradle.launcher.exec.BuildTreeScopeBuildActionExecuter.execute(Lorg/gradle/internal/invocation/BuildAction;Lorg/gradle/initialization/BuildRequestContext;Ljava/lang/Object;Lorg/gradle/internal/service/ServiceRegistry;)Ljava/lang/Object;+9
j  org.gradle.tooling.internal.provider.ContinuousBuildActionExecuter.execute(Lorg/gradle/internal/invocation/BuildAction;Lorg/gradle/initialization/BuildRequestContext;Lorg/gradle/launcher/exec/BuildActionParameters;Lorg/gradle/internal/service/ServiceRegistry;)Ljava/lang/Object;+28
j  org.gradle.tooling.internal.provider.ContinuousBuildActionExecuter.execute(Lorg/gradle/internal/invocation/BuildAction;Lorg/gradle/initialization/BuildRequestContext;Ljava/lang/Object;Lorg/gradle/internal/service/ServiceRegistry;)Ljava/lang/Object;+9
j  org.gradle.tooling.internal.provider.ServicesSetupBuildActionExecuter.execute(Lorg/gradle/internal/invocation/BuildAction;Lorg/gradle/initialization/BuildRequestContext;Lorg/gradle/launcher/exec/BuildActionParameters;Lorg/gradle/internal/service/ServiceRegistry;)Ljava/lang/Object;+85
j  org.gradle.tooling.internal.provider.ServicesSetupBuildActionExecuter.execute(Lorg/gradle/internal/invocation/BuildAction;Lorg/gradle/initialization/BuildRequestContext;Ljava/lang/Object;Lorg/gradle/internal/service/ServiceRegistry;)Ljava/lang/Object;+9
j  org.gradle.tooling.internal.provider.GradleThreadBuildActionExecuter.execute(Lorg/gradle/internal/invocation/BuildAction;Lorg/gradle/initialization/BuildRequestContext;Lorg/gradle/launcher/exec/BuildActionParameters;Lorg/gradle/internal/service/ServiceRegistry;)Ljava/lang/Object;+12
j  org.gradle.tooling.internal.provider.GradleThreadBuildActionExecuter.execute(Lorg/gradle/internal/invocation/BuildAction;Lorg/gradle/initialization/BuildRequestContext;Ljava/lang/Object;Lorg/gradle/internal/service/ServiceRegistry;)Ljava/lang/Object;+9
j  org.gradle.tooling.internal.provider.ParallelismConfigurationBuildActionExecuter.execute(Lorg/gradle/internal/invocation/BuildAction;Lorg/gradle/initialization/BuildRequestContext;Lorg/gradle/launcher/exec/BuildActionParameters;Lorg/gradle/internal/service/ServiceRegistry;)Ljava/lang/Object;+43
j  org.gradle.tooling.internal.provider.ParallelismConfigurationBuildActionExecuter.execute(Lorg/gradle/internal/invocation/BuildAction;Lorg/gradle/initialization/BuildRequestContext;Ljava/lang/Object;Lorg/gradle/internal/service/ServiceRegistry;)Ljava/lang/Object;+9
j  org.gradle.tooling.internal.provider.StartParamsValidatingActionExecuter.execute(Lorg/gradle/internal/invocation/BuildAction;Lorg/gradle/initialization/BuildRequestContext;Lorg/gradle/launcher/exec/BuildActionParameters;Lorg/gradle/internal/service/ServiceRegistry;)Ljava/lang/Object;+257
j  org.gradle.tooling.internal.provider.StartParamsValidatingActionExecuter.execute(Lorg/gradle/internal/invocation/BuildAction;Lorg/gradle/initialization/BuildRequestContext;Ljava/lang/Object;Lorg/gradle/internal/service/ServiceRegistry;)Ljava/lang/Object;+9
j  org.gradle.tooling.internal.provider.SessionFailureReportingActionExecuter.execute(Lorg/gradle/internal/invocation/BuildAction;Lorg/gradle/initialization/BuildRequestContext;Lorg/gradle/launcher/exec/BuildActionParameters;Lorg/gradle/internal/service/ServiceRegistry;)Ljava/lang/Object;+9
j  org.gradle.tooling.internal.provider.SessionFailureReportingActionExecuter.execute(Lorg/gradle/internal/invocation/BuildAction;Lorg/gradle/initialization/BuildRequestContext;Ljava/lang/Object;Lorg/gradle/internal/service/ServiceRegistry;)Ljava/lang/Object;+9
j  org.gradle.tooling.internal.provider.SetupLoggingActionExecuter.execute(Lorg/gradle/internal/invocation/BuildAction;Lorg/gradle/initialization/BuildRequestContext;Lorg/gradle/launcher/exec/BuildActionParameters;Lorg/gradle/internal/service/ServiceRegistry;)Ljava/lang/Object;+69
j  org.gradle.tooling.internal.provider.SetupLoggingActionExecuter.execute(Lorg/gradle/internal/invocation/BuildAction;Lorg/gradle/initialization/BuildRequestContext;Ljava/lang/Object;Lorg/gradle/internal/service/ServiceRegistry;)Ljava/lang/Object;+9
j  org.gradle.launcher.daemon.server.exec.ExecuteBuild.doBuild(Lorg/gradle/launcher/daemon/server/api/DaemonCommandExecution;Lorg/gradle/launcher/daemon/protocol/Build;)V+114
j  org.gradle.launcher.daemon.server.exec.BuildCommandOnly.execute(Lorg/gradle/launcher/daemon/server/api/DaemonCommandExecution;)V+49
j  org.gradle.launcher.daemon.server.api.DaemonCommandExecution.proceed()Z+28
j  org.gradle.launcher.daemon.server.exec.WatchForDisconnection.execute(Lorg/gradle/launcher/daemon/server/api/DaemonCommandExecution;)V+19
j  org.gradle.launcher.daemon.server.api.DaemonCommandExecution.proceed()Z+28
j  org.gradle.launcher.daemon.server.exec.ResetDeprecationLogger.execute(Lorg/gradle/launcher/daemon/server/api/DaemonCommandExecution;)V+4
j  org.gradle.launcher.daemon.server.api.DaemonCommandExecution.proceed()Z+28
j  org.gradle.launcher.daemon.server.exec.RequestStopIfSingleUsedDaemon.execute(Lorg/gradle/launcher/daemon/server/api/DaemonCommandExecution;)V+33
j  org.gradle.launcher.daemon.server.api.DaemonCommandExecution.proceed()Z+28
j  org.gradle.launcher.daemon.server.exec.ForwardClientInput$2.call()Ljava/lang/Void;+4
j  org.gradle.launcher.daemon.server.exec.ForwardClientInput$2.call()Ljava/lang/Object;+1
j  org.gradle.util.Swapper.swap(Ljava/lang/Object;Ljava/util/concurrent/Callable;)Ljava/lang/Object;+21
j  org.gradle.launcher.daemon.server.exec.ForwardClientInput.execute(Lorg/gradle/launcher/daemon/server/api/DaemonCommandExecution;)V+63
j  org.gradle.launcher.daemon.server.api.DaemonCommandExecution.proceed()Z+28
j  org.gradle.launcher.daemon.server.exec.LogAndCheckHealth.execute(Lorg/gradle/launcher/daemon/server/api/DaemonCommandExecution;)V+28
j  org.gradle.launcher.daemon.server.api.DaemonCommandExecution.proceed()Z+28
j  org.gradle.launcher.daemon.server.exec.LogToClient.doBuild(Lorg/gradle/launcher/daemon/server/api/DaemonCommandExecution;Lorg/gradle/launcher/daemon/protocol/Build;)V+87
j  org.gradle.launcher.daemon.server.exec.BuildCommandOnly.execute(Lorg/gradle/launcher/daemon/server/api/DaemonCommandExecution;)V+49
j  org.gradle.launcher.daemon.server.api.DaemonCommandExecution.proceed()Z+28
j  org.gradle.launcher.daemon.server.exec.EstablishBuildEnvironment.doBuild(Lorg/gradle/launcher/daemon/server/api/DaemonCommandExecution;Lorg/gradle/launcher/daemon/protocol/Build;)V+365
j  org.gradle.launcher.daemon.server.exec.BuildCommandOnly.execute(Lorg/gradle/launcher/daemon/server/api/DaemonCommandExecution;)V+49
j  org.gradle.launcher.daemon.server.api.DaemonCommandExecution.proceed()Z+28
j  org.gradle.launcher.daemon.server.exec.StartBuildOrRespondWithBusy$1.run()V+44
j  org.gradle.launcher.daemon.server.DaemonStateCoordinator$1.run()V+4
J 3775 C1 org.gradle.internal.concurrent.ExecutorPolicy$CatchAndRecordFailures.onExecute(Ljava/lang/Runnable;)V (29 bytes) @ 0x0227e607 [0x0227e520+0xe7]
j  org.gradle.internal.concurrent.ManagedExecutorImpl$1.run()V+25
j  java.util.concurrent.ThreadPoolExecutor.runWorker(Ljava/util/concurrent/ThreadPoolExecutor$Worker;)V+95
j  java.util.concurrent.ThreadPoolExecutor$Worker.run()V+5
j  org.gradle.internal.concurrent.ThreadFactoryImpl$ManagedThreadRunnable.run()V+7
j  java.lang.Thread.run()V+11
v  ~StubRoutines::call_stub

---------------  P R O C E S S  ---------------

Java Threads: ( => current thread )
  0x5513c800 JavaThread "Java2D Disposer" daemon [_thread_blocked, id=4812, stack(0x58c60000,0x58cb0000)]
  0x5513c000 JavaThread "ForkJoinPool.commonPool-worker-1" daemon [_thread_blocked, id=4832, stack(0x58a50000,0x58aa0000)]
  0x531e8400 JavaThread "Worker Daemon Execution Thread 7" [_thread_blocked, id=2000, stack(0x549b0000,0x54a00000)]
  0x531e8000 JavaThread "Worker Daemon Execution Thread 6" [_thread_blocked, id=3448, stack(0x58a00000,0x58a50000)]
  0x531e7800 JavaThread "Worker Daemon Execution Thread 5" [_thread_blocked, id=1156, stack(0x587f0000,0x58840000)]
  0x531e7000 JavaThread "Worker Daemon Execution Thread 4" [_thread_blocked, id=6020, stack(0x53d40000,0x53d90000)]
  0x531e6c00 JavaThread "Worker Daemon Execution Thread 3" [_thread_blocked, id=4916, stack(0x58740000,0x58790000)]
  0x531e6400 JavaThread "Worker Daemon Execution Thread 2" [_thread_blocked, id=5928, stack(0x54410000,0x54460000)]
  0x531e6000 JavaThread "Worker Daemon Execution" [_thread_in_native, id=4356, stack(0x53fc0000,0x54010000)]
  0x531e5800 JavaThread "Cache worker for task history cache (I:\AndroidStudioApp\SeparotrNumbers\.gradle\4.1\taskHistory)" [_thread_blocked, id=4592, stack(0x51c90000,0x51ce0000)]
  0x531e5400 JavaThread "build operations" [_thread_blocked, id=3172, stack(0x54a60000,0x54ab0000)]
  0x531e4c00 JavaThread "Cache worker for Artifact transforms cache (D:\Android\.gradle\caches\transforms-1)" [_thread_blocked, id=2708, stack(0x58550000,0x585a0000)]
  0x531e4000 JavaThread "Cache worker for file hash cache (I:\AndroidStudioApp\SeparotrNumbers\.gradle\4.1\fileHashes)" [_thread_blocked, id=4724, stack(0x54a00000,0x54a50000)]
  0x531e4400 JavaThread "Stdin handler" [_thread_blocked, id=2208, stack(0x543b0000,0x54400000)]
  0x531e2c00 JavaThread "Asynchronous log dispatcher for DefaultDaemonConnection: socket connection from /127.0.0.1:11925 to /127.0.0.1:11933" [_thread_blocked, id=3424, stack(0x012c0000,0x01310000)]
  0x531e2000 JavaThread "Cancel handler" [_thread_blocked, id=2424, stack(0x54100000,0x54150000)]
  0x531e1400 JavaThread "Handler for socket connection from /127.0.0.1:11925 to /127.0.0.1:11933" [_thread_in_native, id=5052, stack(0x540a0000,0x540f0000)]
  0x531e3800 JavaThread "Memory manager" [_thread_blocked, id=2028, stack(0x56610000,0x56660000)]
  0x535e1800 JavaThread "File lock request listener" [_thread_in_native, id=1612, stack(0x54460000,0x544b0000)]
  0x52fd8800 JavaThread "Cache worker for file hash cache (D:\Android\.gradle\caches\4.1\fileHashes)" [_thread_blocked, id=2468, stack(0x51cf0000,0x51d40000)]
=>0x52182000 JavaThread "Daemon worker" [_thread_in_native, id=5400, stack(0x54030000,0x54080000)]
  0x521fa800 JavaThread "Daemon" [_thread_blocked, id=5964, stack(0x53e70000,0x53ec0000)]
  0x51904400 JavaThread "Daemon periodic checks" [_thread_blocked, id=2712, stack(0x53da0000,0x53df0000)]
  0x52b1d800 JavaThread "Incoming local TCP Connector on port 11925" [_thread_in_native, id=5812, stack(0x53ce0000,0x53d30000)]
  0x5186cc00 JavaThread "Service Thread" daemon [_thread_blocked, id=4608, stack(0x01700000,0x01750000)]
  0x51821400 JavaThread "C1 CompilerThread1" daemon [_thread_blocked, id=3800, stack(0x51c40000,0x51c90000)]
  0x51818800 JavaThread "C2 CompilerThread0" daemon [_thread_blocked, id=4180, stack(0x01760000,0x017b0000)]
  0x51811400 JavaThread "Attach Listener" daemon [_thread_blocked, id=360, stack(0x51b00000,0x51b50000)]
  0x51810400 JavaThread "Signal Dispatcher" daemon [_thread_blocked, id=4016, stack(0x51a20000,0x51a70000)]
  0x51801400 JavaThread "Finalizer" daemon [_thread_blocked, id=5804, stack(0x001f0000,0x00240000)]
  0x517dbc00 JavaThread "Reference Handler" daemon [_thread_blocked, id=5252, stack(0x10f70000,0x10fc0000)]
  0x01aa5000 JavaThread "main" [_thread_blocked, id=2972, stack(0x01690000,0x016e0000)]

Other Threads:
  0x517d1800 VMThread [stack: 0x01260000,0x012b0000] [id=5664]
  0x5186e000 WatcherThread [stack: 0x51d50000,0x51da0000] [id=5880]

VM state:not at safepoint (normal execution)

VM Mutex/Monitor currently owned by a thread: None

Heap:
 def new generation   total 32000K, used 21828K [0x11000000, 0x132b0000, 0x26550000)
  eden space 28480K,  64% used [0x11000000, 0x121e12c0, 0x12bd0000)
  from space 3520K, 100% used [0x12bd0000, 0x12f40000, 0x12f40000)
  to   space 3520K,   0% used [0x12f40000, 0x12f40000, 0x132b0000)
 tenured generation   total 70888K, used 48904K [0x26550000, 0x2aa8a000, 0x51000000)
   the space 70888K,  68% used [0x26550000, 0x295123b8, 0x29512400, 0x2aa8a000)
 Metaspace       used 42008K, capacity 43227K, committed 43264K, reserved 43392K

Card table byte_map: [0x51000000,0x51210000] byte_map_base: 0x50f78000

Polling page: 0x00190000

CodeCache: size=245760Kb used=24230Kb max_used=24582Kb free=221529Kb
 bounds [0x01ba0000, 0x033d8000, 0x10ba0000]
 total_blobs=8917 nmethods=8414 adapters=425
 compilation: enabled

Compilation events (10 events):
Event: 116.402 Thread 0x51818800 9948       4       com.sun.org.apache.xerces.internal.dom.NamedNodeMapImpl::getLength (21 bytes)
Event: 116.403 Thread 0x51818800 nmethod 9948 0x023481c8 code [0x023482c0, 0x02348330]
Event: 116.414 Thread 0x51821400 9949 %     3       sun.nio.cs.UTF_8$Encoder::encodeArrayLoop @ 73 (489 bytes)
Event: 116.418 Thread 0x51821400 nmethod 9949% 0x022a0c08 code [0x022a1140, 0x022a3ff4]
Event: 116.419 Thread 0x51821400 9950       3       sun.nio.cs.UTF_8$Encoder::encodeArrayLoop (489 bytes)
Event: 116.423 Thread 0x51821400 nmethod 9950 0x0246dec8 code [0x0246e3e0, 0x02470eb4]
Event: 116.424 Thread 0x51818800 9951 %     4       sun.nio.cs.UTF_8$Encoder::encodeArrayLoop @ 73 (489 bytes)
Event: 116.448 Thread 0x51818800 nmethod 9951% 0x0234fb88 code [0x0234fd00, 0x02350838]
Event: 116.449 Thread 0x51818800 9952       4       sun.nio.cs.UTF_8$Encoder::encodeArrayLoop (489 bytes)
Event: 116.470 Thread 0x51818800 nmethod 9952 0x02b5d7c8 code [0x02b5d940, 0x02b5e278]

GC Heap History (10 events):
Event: 104.355 GC heap before
{Heap before GC invocations=79 (full 3):
 def new generation   total 20736K, used 20736K [0x11000000, 0x12680000, 0x26550000)
  eden space 18432K, 100% used [0x11000000, 0x12200000, 0x12200000)
  from space 2304K, 100% used [0x12440000, 0x12680000, 0x12680000)
  to   space 2304K,   0% used [0x12200000, 0x12200000, 0x12440000)
 tenured generation   total 45968K, used 44774K [0x26550000, 0x29234000, 0x51000000)
   the space 45968K,  97% used [0x26550000, 0x29109ae0, 0x29109c00, 0x29234000)
 Metaspace       used 39437K, capacity 40662K, committed 40704K, reserved 41344K
Event: 104.721 GC heap after
Heap after GC invocations=80 (full 4):
 def new generation   total 32000K, used 0K [0x11000000, 0x132b0000, 0x26550000)
  eden space 28480K,   0% used [0x11000000, 0x11000000, 0x12bd0000)
  from space 3520K,   0% used [0x12bd0000, 0x12bd0000, 0x12f40000)
  to   space 3520K,   0% used [0x12f40000, 0x12f40000, 0x132b0000)
 tenured generation   total 70888K, used 42530K [0x26550000, 0x2aa8a000, 0x51000000)
   the space 70888K,  59% used [0x26550000, 0x28ed8b38, 0x28ed8c00, 0x2aa8a000)
 Metaspace       used 39437K, capacity 40662K, committed 40704K, reserved 41344K
}
Event: 106.459 GC heap before
{Heap before GC invocations=80 (full 4):
 def new generation   total 32000K, used 28480K [0x11000000, 0x132b0000, 0x26550000)
  eden space 28480K, 100% used [0x11000000, 0x12bd0000, 0x12bd0000)
  from space 3520K,   0% used [0x12bd0000, 0x12bd0000, 0x12f40000)
  to   space 3520K,   0% used [0x12f40000, 0x12f40000, 0x132b0000)
 tenured generation   total 70888K, used 42530K [0x26550000, 0x2aa8a000, 0x51000000)
   the space 70888K,  59% used [0x26550000, 0x28ed8b38, 0x28ed8c00, 0x2aa8a000)
 Metaspace       used 39514K, capacity 40726K, committed 40832K, reserved 41344K
Event: 106.466 GC heap after
Heap after GC invocations=81 (full 4):
 def new generation   total 32000K, used 765K [0x11000000, 0x132b0000, 0x26550000)
  eden space 28480K,   0% used [0x11000000, 0x11000000, 0x12bd0000)
  from space 3520K,  21% used [0x12f40000, 0x12fff510, 0x132b0000)
  to   space 3520K,   0% used [0x12bd0000, 0x12bd0000, 0x12f40000)
 tenured generation   total 70888K, used 42530K [0x26550000, 0x2aa8a000, 0x51000000)
   the space 70888K,  59% used [0x26550000, 0x28ed8b38, 0x28ed8c00, 0x2aa8a000)
 Metaspace       used 39514K, capacity 40726K, committed 40832K, reserved 41344K
}
Event: 109.418 GC heap before
{Heap before GC invocations=81 (full 4):
 def new generation   total 32000K, used 29245K [0x11000000, 0x132b0000, 0x26550000)
  eden space 28480K, 100% used [0x11000000, 0x12bd0000, 0x12bd0000)
  from space 3520K,  21% used [0x12f40000, 0x12fff510, 0x132b0000)
  to   space 3520K,   0% used [0x12bd0000, 0x12bd0000, 0x12f40000)
 tenured generation   total 70888K, used 42530K [0x26550000, 0x2aa8a000, 0x51000000)
   the space 70888K,  59% used [0x26550000, 0x28ed8b38, 0x28ed8c00, 0x2aa8a000)
 Metaspace       used 40108K, capacity 41315K, committed 41344K, reserved 41344K
Event: 109.445 GC heap after
Heap after GC invocations=82 (full 4):
 def new generation   total 32000K, used 3520K [0x11000000, 0x132b0000, 0x26550000)
  eden space 28480K,   0% used [0x11000000, 0x11000000, 0x12bd0000)
  from space 3520K, 100% used [0x12bd0000, 0x12f40000, 0x12f40000)
  to   space 3520K,   0% used [0x12f40000, 0x12f40000, 0x132b0000)
 tenured generation   total 70888K, used 42557K [0x26550000, 0x2aa8a000, 0x51000000)
   the space 70888K,  60% used [0x26550000, 0x28edf778, 0x28edf800, 0x2aa8a000)
 Metaspace       used 40108K, capacity 41315K, committed 41344K, reserved 41344K
}
Event: 112.558 GC heap before
{Heap before GC invocations=82 (full 4):
 def new generation   total 32000K, used 32000K [0x11000000, 0x132b0000, 0x26550000)
  eden space 28480K, 100% used [0x11000000, 0x12bd0000, 0x12bd0000)
  from space 3520K, 100% used [0x12bd0000, 0x12f40000, 0x12f40000)
  to   space 3520K,   0% used [0x12f40000, 0x12f40000, 0x132b0000)
 tenured generation   total 70888K, used 42557K [0x26550000, 0x2aa8a000, 0x51000000)
   the space 70888K,  60% used [0x26550000, 0x28edf778, 0x28edf800, 0x2aa8a000)
 Metaspace       used 40759K, capacity 41961K, committed 41984K, reserved 42368K
Event: 112.586 GC heap after
Heap after GC invocations=83 (full 4):
 def new generation   total 32000K, used 2300K [0x11000000, 0x132b0000, 0x26550000)
  eden space 28480K,   0% used [0x11000000, 0x11000000, 0x12bd0000)
  from space 3520K,  65% used [0x12f40000, 0x1317f200, 0x132b0000)
  to   space 3520K,   0% used [0x12bd0000, 0x12bd0000, 0x12f40000)
 tenured generation   total 70888K, used 45432K [0x26550000, 0x2aa8a000, 0x51000000)
   the space 70888K,  64% used [0x26550000, 0x291ae240, 0x291ae400, 0x2aa8a000)
 Metaspace       used 40759K, capacity 41961K, committed 41984K, reserved 42368K
}
Event: 114.622 GC heap before
{Heap before GC invocations=83 (full 4):
 def new generation   total 32000K, used 30780K [0x11000000, 0x132b0000, 0x26550000)
  eden space 28480K, 100% used [0x11000000, 0x12bd0000, 0x12bd0000)
  from space 3520K,  65% used [0x12f40000, 0x1317f200, 0x132b0000)
  to   space 3520K,   0% used [0x12bd0000, 0x12bd0000, 0x12f40000)
 tenured generation   total 70888K, used 45432K [0x26550000, 0x2aa8a000, 0x51000000)
   the space 70888K,  64% used [0x26550000, 0x291ae240, 0x291ae400, 0x2aa8a000)
 Metaspace       used 40984K, capacity 42237K, committed 42240K, reserved 42368K
Event: 114.665 GC heap after
Heap after GC invocations=84 (full 4):
 def new generation   total 32000K, used 3520K [0x11000000, 0x132b0000, 0x26550000)
  eden space 28480K,   0% used [0x11000000, 0x11000000, 0x12bd0000)
  from space 3520K, 100% used [0x12bd0000, 0x12f40000, 0x12f40000)
  to   space 3520K,   0% used [0x12f40000, 0x12f40000, 0x132b0000)
 tenured generation   total 70888K, used 48904K [0x26550000, 0x2aa8a000, 0x51000000)
   the space 70888K,  68% used [0x26550000, 0x295123b8, 0x29512400, 0x2aa8a000)
 Metaspace       used 40984K, capacity 42237K, committed 42240K, reserved 42368K
}

Deoptimization events (10 events):
Event: 114.809 Thread 0x531e6000 Uncommon trap: reason=class_check action=maybe_recompile pc=0x025b8ebc method=java.lang.AbstractStringBuilder.append(Ljava/lang/CharSequence;II)Ljava/lang/AbstractStringBuilder; @ 18
Event: 115.861 Thread 0x52182000 Uncommon trap: reason=bimorphic action=maybe_recompile pc=0x030e03ac method=java.io.ObjectOutputStream$BlockDataOutputStream.drain()V @ 36
Event: 115.922 Thread 0x531e6000 Uncommon trap: reason=unstable_if action=reinterpret pc=0x0334bc34 method=com.sun.org.apache.xerces.internal.impl.XMLEntityScanner.scanLiteral(ILcom/sun/org/apache/xerces/internal/xni/XMLString;Z)I @ 44
Event: 116.108 Thread 0x531e6000 Uncommon trap: reason=bimorphic action=maybe_recompile pc=0x0338c12c method=com.sun.org.apache.xerces.internal.parsers.AbstractSAXParser.endNamespaceMapping()V @ 35
Event: 116.132 Thread 0x531e6000 Uncommon trap: reason=predicate action=maybe_recompile pc=0x02bfbf88 method=java.util.Arrays$ArrayList.indexOf(Ljava/lang/Object;)I @ 42
Event: 116.172 Thread 0x52182000 Uncommon trap: reason=unstable_if action=reinterpret pc=0x01ec50c8 method=com.sun.org.apache.xerces.internal.dom.ChildNode.parentNode()Lcom/sun/org/apache/xerces/internal/dom/NodeImpl; @ 4
Event: 116.173 Thread 0x52182000 Uncommon trap: reason=unstable_if action=reinterpret pc=0x02e37dc4 method=com.sun.org.apache.xerces.internal.dom.NodeImpl.isOwned(Z)V @ 2
Event: 116.225 Thread 0x52182000 Uncommon trap: reason=null_check action=make_not_entrant pc=0x033ad340 method=com.android.ide.common.res2.NodeUtils.processSingleNodeNamespace(Lorg/w3c/dom/Node;Lorg/w3c/dom/Document;)Z @ 8
Event: 116.295 Thread 0x52182000 Uncommon trap: reason=unstable_if action=reinterpret pc=0x01dcb29c method=java.io.File.equals(Ljava/lang/Object;)Z @ 1
Event: 116.473 Thread 0x52182000 Uncommon trap: reason=unstable_if action=reinterpret pc=0x02b5dc18 method=sun.nio.cs.UTF_8$Encoder.encodeArrayLoop(Ljava/nio/CharBuffer;Ljava/nio/ByteBuffer;)Ljava/nio/charset/CoderResult; @ 113

Classes redefined (0 events):
No events

Internal exceptions (10 events):
Event: 114.673 Thread 0x52182000 Exception <a 'java/lang/NoSuchMethodError': <clinit>> (0x110757c8) thrown at [D:\src\AOSP-openjdk-cygwin\jdk8u\hotspot\src\share\vm\prims\jni.cpp, line 1613]
Event: 114.675 Thread 0x52182000 Exception <a 'java/lang/NoSuchMethodError': <clinit>> (0x1107d4d0) thrown at [D:\src\AOSP-openjdk-cygwin\jdk8u\hotspot\src\share\vm\prims\jni.cpp, line 1613]
Event: 114.677 Thread 0x52182000 Exception <a 'java/lang/NoSuchMethodError': <clinit>> (0x11080818) thrown at [D:\src\AOSP-openjdk-cygwin\jdk8u\hotspot\src\share\vm\prims\jni.cpp, line 1613]
Event: 114.681 Thread 0x52182000 Exception <a 'java/lang/NoSuchMethodError': <clinit>> (0x11097220) thrown at [D:\src\AOSP-openjdk-cygwin\jdk8u\hotspot\src\share\vm\prims\jni.cpp, line 1613]
Event: 114.683 Thread 0x52182000 Exception <a 'java/lang/NoSuchMethodError': <clinit>> (0x110b4678) thrown at [D:\src\AOSP-openjdk-cygwin\jdk8u\hotspot\src\share\vm\prims\jni.cpp, line 1613]
Event: 114.683 Thread 0x52182000 Exception <a 'java/lang/NoSuchMethodError': <clinit>> (0x110b74f8) thrown at [D:\src\AOSP-openjdk-cygwin\jdk8u\hotspot\src\share\vm\prims\jni.cpp, line 1613]
Event: 114.687 Thread 0x52182000 Exception <a 'java/lang/NoSuchMethodError': <clinit>> (0x110c8458) thrown at [D:\src\AOSP-openjdk-cygwin\jdk8u\hotspot\src\share\vm\prims\jni.cpp, line 1613]
Event: 116.133 Thread 0x531e6000 Exception <a 'java/io/FileNotFoundException'> (0x11e43dc8) thrown at [D:\src\AOSP-openjdk-cygwin\jdk8u\hotspot\src\share\vm\prims\jni.cpp, line 709]
Event: 116.225 Thread 0x52182000 Implicit null exception at 0x033ad268 to 0x033ad330
Event: 116.295 Thread 0x52182000 Implicit null exception at 0x01dcad59 to 0x01dcb28d

Events (10 events):
Event: 116.485 loading class com/android/builder/internal/aapt/v2/AaptV2CommandBuilder
Event: 116.485 loading class com/android/builder/internal/aapt/v2/AaptV2CommandBuilder done
Event: 116.488 loading class com/android/tools/aapt2/Aapt2Result
Event: 116.488 loading class com/android/tools/aapt2/Aapt2Result done
Event: 116.488 loading class com/android/tools/aapt2/Aapt2Result$Builder
Event: 116.488 loading class com/android/tools/aapt2/Aapt2Result$Builder done
Event: 116.488 loading class com/android/tools/aapt2/AutoValue_Aapt2Result$Builder
Event: 116.488 loading class com/android/tools/aapt2/AutoValue_Aapt2Result$Builder done
Event: 116.489 loading class com/android/tools/aapt2/AutoValue_Aapt2Result
Event: 116.489 loading class com/android/tools/aapt2/AutoValue_Aapt2Result done


Dynamic libraries:
0x01310000 - 0x0133d000 	H:\Android Studio Preview.3.0.Beta6\android-studio\jre\bin\java.exe
0x77470000 - 0x775ac000 	C:\Windows\SYSTEM32\ntdll.dll
0x77390000 - 0x77464000 	C:\Windows\system32\kernel32.dll
0x758b0000 - 0x758fa000 	C:\Windows\system32\KERNELBASE.dll
0x77240000 - 0x772e0000 	C:\Windows\system32\ADVAPI32.dll
0x77190000 - 0x7723c000 	C:\Windows\system32\msvcrt.dll
0x75ba0000 - 0x75bb9000 	C:\Windows\SYSTEM32\sechost.dll
0x775f0000 - 0x77691000 	C:\Windows\system32\RPCRT4.dll
0x75900000 - 0x759c9000 	C:\Windows\system32\USER32.dll
0x77340000 - 0x7738e000 	C:\Windows\system32\GDI32.dll
0x75bd0000 - 0x75bda000 	C:\Windows\system32\LPK.dll
0x759d0000 - 0x75a6d000 	C:\Windows\system32\USP10.dll
0x74660000 - 0x747fe000 	C:\Windows\WinSxS\x86_microsoft.windows.common-controls_6595b64144ccf1df_6.0.7601.17514_none_41e6975e2bd6f2b2\COMCTL32.dll
0x75ac0000 - 0x75b17000 	C:\Windows\system32\SHLWAPI.dll
0x775b0000 - 0x775cf000 	C:\Windows\system32\IMM32.DLL
0x770c0000 - 0x7718c000 	C:\Windows\system32\MSCTF.dll
0x667b0000 - 0x6686f000 	H:\Android Studio Preview.3.0.Beta6\android-studio\jre\jre\bin\msvcr100.dll
0x5aff0000 - 0x5b5d1000 	H:\Android Studio Preview.3.0.Beta6\android-studio\jre\jre\bin\server\jvm.dll
0x71eb0000 - 0x71eb7000 	C:\Windows\system32\WSOCK32.dll
0x76d70000 - 0x76da5000 	C:\Windows\system32\WS2_32.dll
0x75bc0000 - 0x75bc6000 	C:\Windows\system32\NSI.dll
0x71480000 - 0x714b2000 	C:\Windows\system32\WINMM.dll
0x74af0000 - 0x74af9000 	C:\Windows\system32\VERSION.dll
0x775e0000 - 0x775e5000 	C:\Windows\system32\PSAPI.DLL
0x6e2d0000 - 0x6e2dc000 	H:\Android Studio Preview.3.0.Beta6\android-studio\jre\jre\bin\verify.dll
0x685f0000 - 0x68612000 	H:\Android Studio Preview.3.0.Beta6\android-studio\jre\jre\bin\java.dll
0x6bb60000 - 0x6bb73000 	H:\Android Studio Preview.3.0.Beta6\android-studio\jre\jre\bin\zip.dll
0x75ec0000 - 0x76b0a000 	C:\Windows\system32\SHELL32.dll
0x76e40000 - 0x76f9c000 	C:\Windows\system32\ole32.dll
0x75600000 - 0x7560b000 	C:\Windows\system32\profapi.dll
0x6ce60000 - 0x6ce75000 	H:\Android Studio Preview.3.0.Beta6\android-studio\jre\jre\bin\net.dll
0x75050000 - 0x7508c000 	C:\Windows\system32\mswsock.dll
0x75040000 - 0x75046000 	C:\Windows\System32\wship6.dll
0x6e7c0000 - 0x6e7cf000 	H:\Android Studio Preview.3.0.Beta6\android-studio\jre\jre\bin\nio.dll
0x686b0000 - 0x686c9000 	D:\Android\.gradle\native\25\windows-i386\native-platform.dll
0x6e170000 - 0x6e17a000 	H:\Android Studio Preview.3.0.Beta6\android-studio\jre\jre\bin\management.dll
0x75090000 - 0x750a6000 	C:\Windows\system32\CRYPTSP.dll
0x74e30000 - 0x74e6b000 	C:\Windows\system32\rsaenh.dll
0x74c60000 - 0x74c77000 	C:\Windows\system32\USERENV.dll
0x75550000 - 0x7555c000 	C:\Windows\system32\CRYPTBASE.dll
0x73870000 - 0x7388c000 	C:\Windows\system32\IPHLPAPI.DLL
0x73860000 - 0x73867000 	C:\Windows\system32\WINNSI.DLL
0x70560000 - 0x7056d000 	C:\Windows\system32\dhcpcsvc6.DLL
0x70540000 - 0x70552000 	C:\Windows\system32\dhcpcsvc.DLL
0x64b40000 - 0x64b58000 	D:\Temp\aapt2_8976091088035444339\libwinpthread-1.dll
0x63940000 - 0x63c05000 	D:\Temp\aapt2_8976091088035444339\libaapt2_jni.dll
0x5d7b0000 - 0x5d8f3000 	H:\Android Studio Preview.3.0.Beta6\android-studio\jre\jre\bin\awt.dll
0x76ce0000 - 0x76d6f000 	C:\Windows\system32\OLEAUT32.dll
0x67bb0000 - 0x67c6a000 	C:\Windows\system32\d2d1.dll
0x6ffb0000 - 0x7009b000 	C:\Windows\system32\dbghelp.dll
0x741b0000 - 0x741c3000 	C:\Windows\system32\DWMAPI.DLL

VM Arguments:
jvm_args: -Xmx1024m -Dfile.encoding=windows-1256 -Duser.country=US -Duser.language=en -Duser.variant 
java_command: org.gradle.launcher.daemon.bootstrap.GradleDaemon 4.1
java_class_path (initial): D:\Android\.gradle\wrapper\dists\gradle-4.1-all\bzyivzo6n839fup2jbap0tjew\gradle-4.1\lib\gradle-launcher-4.1.jar
Launcher Type: SUN_STANDARD

Environment Variables:
PATH=F:\Program Files\ActiveState Komodo IDE 11;C:\ProgramData\Oracle\Java\javapath;C:\Windows\system32;C:\Windows;C:\Windows\System32\Wbem;C:\Windows\System32\WindowsPowerShell\v1.0;D:\Program Files\Git\cmd;D:\Program Files\Universal Extractor;D:\Program Files\Universal Extractor\bin;
USERNAME=Mojtaba
OS=Windows_NT
PROCESSOR_IDENTIFIER=x86 Family 15 Model 79 Stepping 2, AuthenticAMD



---------------  S Y S T E M  ---------------

OS: Windows 7 Build 7601 (6.1.7601.17651)

CPU:total 1 (initial active 1) (1 cores per cpu, 1 threads per core) family 15 model 79 stepping 2, cmov, cx8, fxsr, mmx, sse, sse2, sse3, mmxext, 3dnowpref, tsc

Memory: 4k page, physical 2096440k(305888k free), swap 4192880k(1645688k free)

vm_info: OpenJDK Server VM (25.152-b01) for windows-x86 JRE (1.8.0_152-release-915-b01), built by "builder" with MS VC++ 10.0 (VS2010)

time: Sun Feb 03 09:42:39 2019
elapsed time: 116 seconds (0d 0h 1m 56s)

